<?xml version="1.0" encoding="UTF-8"?>
<testng-results ignored="0" total="1" passed="1" failed="0" skipped="0">
  <reporter-output>
  </reporter-output>
  <suite started-at="2024-08-27T19:30:41 IST" name="Default suite" finished-at="2024-08-27T19:30:52 IST" duration-ms="10739">
    <groups>
    </groups>
    <test started-at="2024-08-27T19:30:41 IST" name="Default test" finished-at="2024-08-27T19:30:52 IST" duration-ms="10739">
      <class name="testt.Screenshot">
        <test-method is-config="true" signature="setup()[pri:0, instance:testt.Screenshot@409bf450]" started-at="2024-08-27T19:30:41 IST" name="setup" finished-at="2024-08-27T19:30:47 IST" duration-ms="6611" status="PASS">
          <reporter-output>
          </reporter-output>
        </test-method> <!-- setup -->
        <test-method is-config="true" signature="urlloading()[pri:0, instance:testt.Screenshot@409bf450]" started-at="2024-08-27T19:30:48 IST" name="urlloading" finished-at="2024-08-27T19:30:51 IST" duration-ms="3481" status="PASS">
          <reporter-output>
          </reporter-output>
        </test-method> <!-- urlloading -->
        <test-method signature="test()[pri:0, instance:testt.Screenshot@409bf450]" started-at="2024-08-27T19:30:51 IST" name="test" finished-at="2024-08-27T19:30:52 IST" duration-ms="513" status="PASS">
          <reporter-output>
          </reporter-output>
        </test-method> <!-- test -->
      </class> <!-- testt.Screenshot -->
    </test> <!-- Default test -->
  </suite> <!-- Default suite -->
</testng-results>
